<?xml version="1.0" encoding="UTF-8"?>
<!-- Generated by org.testng.reporters.JUnitReportReporter -->
<testsuite skipped="0" hostname="PC-PC" name="com.verticalbytes.testcases.AddCustomerTest" tests="1" failures="0" timestamp="2019-03-09T01:09:58 EST" time="0.623" errors="0">
  <testcase name="addCustomer" time="0.623" classname="com.verticalbytes.testcases.AddCustomerTest"/>
</testsuite> <!-- com.verticalbytes.testcases.AddCustomerTest -->
