<?xml version="1.0" encoding="UTF-8"?>
<!-- Generated by org.testng.reporters.JUnitReportReporter -->
<testsuite skipped="0" hostname="PC-PC" name="com.verticalbytes.testcases.BankManagerLoginTest" tests="1" failures="0" timestamp="2019-03-09T01:21:34 EST" time="0.979" errors="0">
  <testcase name="loginAsBankManager" time="0.979" classname="com.verticalbytes.testcases.BankManagerLoginTest"/>
</testsuite> <!-- com.verticalbytes.testcases.BankManagerLoginTest -->
